Determining if the pthread_create exist failed with the following output:
Change Dir: /home/haptix-e15-463/haptix/haptix_controller/handsim/build/CMakeFiles/CMakeTmp

Run Build Command:/usr/bin/make "cmTryCompileExec3671727848/fast"
/usr/bin/make -f CMakeFiles/cmTryCompileExec3671727848.dir/build.make CMakeFiles/cmTryCompileExec3671727848.dir/build
make[1]: Entering directory `/home/haptix-e15-463/haptix/haptix_controller/handsim/build/CMakeFiles/CMakeTmp'
/usr/bin/cmake -E cmake_progress_report /home/haptix-e15-463/haptix/haptix_controller/handsim/build/CMakeFiles/CMakeTmp/CMakeFiles 1
Building C object CMakeFiles/cmTryCompileExec3671727848.dir/CheckSymbolExists.c.o
/usr/bin/cc    -o CMakeFiles/cmTryCompileExec3671727848.dir/CheckSymbolExists.c.o   -c /home/haptix-e15-463/haptix/haptix_controller/handsim/build/CMakeFiles/CMakeTmp/CheckSymbolExists.c
Linking C executable cmTryCompileExec3671727848
/usr/bin/cmake -E cmake_link_script CMakeFiles/cmTryCompileExec3671727848.dir/link.txt --verbose=1
/usr/bin/cc       CMakeFiles/cmTryCompileExec3671727848.dir/CheckSymbolExists.c.o  -o cmTryCompileExec3671727848 -rdynamic 
CMakeFiles/cmTryCompileExec3671727848.dir/CheckSymbolExists.c.o: In function `main':
CheckSymbolExists.c:(.text+0x16): undefined reference to `pthread_create'
collect2: error: ld returned 1 exit status
make[1]: *** [cmTryCompileExec3671727848] Error 1
make[1]: Leaving directory `/home/haptix-e15-463/haptix/haptix_controller/handsim/build/CMakeFiles/CMakeTmp'
make: *** [cmTryCompileExec3671727848/fast] Error 2

File /home/haptix-e15-463/haptix/haptix_controller/handsim/build/CMakeFiles/CMakeTmp/CheckSymbolExists.c:
/* */
#include <pthread.h>

int main(int argc, char** argv)
{
  (void)argv;
#ifndef pthread_create
  return ((int*)(&pthread_create))[argc];
#else
  (void)argc;
  return 0;
#endif
}

Determining if the function pthread_create exists in the pthreads failed with the following output:
Change Dir: /home/haptix-e15-463/haptix/haptix_controller/handsim/build/CMakeFiles/CMakeTmp

Run Build Command:/usr/bin/make "cmTryCompileExec4182541010/fast"
/usr/bin/make -f CMakeFiles/cmTryCompileExec4182541010.dir/build.make CMakeFiles/cmTryCompileExec4182541010.dir/build
make[1]: Entering directory `/home/haptix-e15-463/haptix/haptix_controller/handsim/build/CMakeFiles/CMakeTmp'
/usr/bin/cmake -E cmake_progress_report /home/haptix-e15-463/haptix/haptix_controller/handsim/build/CMakeFiles/CMakeTmp/CMakeFiles 1
Building C object CMakeFiles/cmTryCompileExec4182541010.dir/CheckFunctionExists.c.o
/usr/bin/cc   -DCHECK_FUNCTION_EXISTS=pthread_create   -o CMakeFiles/cmTryCompileExec4182541010.dir/CheckFunctionExists.c.o   -c /usr/share/cmake-2.8/Modules/CheckFunctionExists.c
Linking C executable cmTryCompileExec4182541010
/usr/bin/cmake -E cmake_link_script CMakeFiles/cmTryCompileExec4182541010.dir/link.txt --verbose=1
/usr/bin/cc   -DCHECK_FUNCTION_EXISTS=pthread_create    CMakeFiles/cmTryCompileExec4182541010.dir/CheckFunctionExists.c.o  -o cmTryCompileExec4182541010 -rdynamic -lpthreads 
/usr/bin/ld: cannot find -lpthreads
collect2: error: ld returned 1 exit status
make[1]: *** [cmTryCompileExec4182541010] Error 1
make[1]: Leaving directory `/home/haptix-e15-463/haptix/haptix_controller/handsim/build/CMakeFiles/CMakeTmp'
make: *** [cmTryCompileExec4182541010/fast] Error 2


Determining if the Q_WS_WIN exist failed with the following output:
Change Dir: /home/haptix-e15-463/haptix/haptix_controller/handsim/build/CMakeFiles/CMakeTmp

Run Build Command:/usr/bin/make "cmTryCompileExec2889456728/fast"
/usr/bin/make -f CMakeFiles/cmTryCompileExec2889456728.dir/build.make CMakeFiles/cmTryCompileExec2889456728.dir/build
make[1]: Entering directory `/home/haptix-e15-463/haptix/haptix_controller/handsim/build/CMakeFiles/CMakeTmp'
/usr/bin/cmake -E cmake_progress_report /home/haptix-e15-463/haptix/haptix_controller/handsim/build/CMakeFiles/CMakeTmp/CMakeFiles 1
Building CXX object CMakeFiles/cmTryCompileExec2889456728.dir/CheckSymbolExists.cxx.o
/usr/bin/c++    -I/usr/include/qt4    -o CMakeFiles/cmTryCompileExec2889456728.dir/CheckSymbolExists.cxx.o -c /home/haptix-e15-463/haptix/haptix_controller/handsim/build/CMakeFiles/CMakeTmp/CheckSymbolExists.cxx
/home/haptix-e15-463/haptix/haptix_controller/handsim/build/CMakeFiles/CMakeTmp/CheckSymbolExists.cxx: In function ‘int main(int, char**)’:
/home/haptix-e15-463/haptix/haptix_controller/handsim/build/CMakeFiles/CMakeTmp/CheckSymbolExists.cxx:8:19: error: ‘Q_WS_WIN’ was not declared in this scope
   return ((int*)(&Q_WS_WIN))[argc];
                   ^
make[1]: *** [CMakeFiles/cmTryCompileExec2889456728.dir/CheckSymbolExists.cxx.o] Error 1
make[1]: Leaving directory `/home/haptix-e15-463/haptix/haptix_controller/handsim/build/CMakeFiles/CMakeTmp'
make: *** [cmTryCompileExec2889456728/fast] Error 2

File /home/haptix-e15-463/haptix/haptix_controller/handsim/build/CMakeFiles/CMakeTmp/CheckSymbolExists.cxx:
/* */
#include <QtCore/qglobal.h>

int main(int argc, char** argv)
{
  (void)argv;
#ifndef Q_WS_WIN
  return ((int*)(&Q_WS_WIN))[argc];
#else
  (void)argc;
  return 0;
#endif
}

Determining if the Q_WS_QWS exist failed with the following output:
Change Dir: /home/haptix-e15-463/haptix/haptix_controller/handsim/build/CMakeFiles/CMakeTmp

Run Build Command:/usr/bin/make "cmTryCompileExec2632856542/fast"
/usr/bin/make -f CMakeFiles/cmTryCompileExec2632856542.dir/build.make CMakeFiles/cmTryCompileExec2632856542.dir/build
make[1]: Entering directory `/home/haptix-e15-463/haptix/haptix_controller/handsim/build/CMakeFiles/CMakeTmp'
/usr/bin/cmake -E cmake_progress_report /home/haptix-e15-463/haptix/haptix_controller/handsim/build/CMakeFiles/CMakeTmp/CMakeFiles 1
Building CXX object CMakeFiles/cmTryCompileExec2632856542.dir/CheckSymbolExists.cxx.o
/usr/bin/c++    -I/usr/include/qt4    -o CMakeFiles/cmTryCompileExec2632856542.dir/CheckSymbolExists.cxx.o -c /home/haptix-e15-463/haptix/haptix_controller/handsim/build/CMakeFiles/CMakeTmp/CheckSymbolExists.cxx
/home/haptix-e15-463/haptix/haptix_controller/handsim/build/CMakeFiles/CMakeTmp/CheckSymbolExists.cxx: In function ‘int main(int, char**)’:
/home/haptix-e15-463/haptix/haptix_controller/handsim/build/CMakeFiles/CMakeTmp/CheckSymbolExists.cxx:8:19: error: ‘Q_WS_QWS’ was not declared in this scope
   return ((int*)(&Q_WS_QWS))[argc];
                   ^
make[1]: *** [CMakeFiles/cmTryCompileExec2632856542.dir/CheckSymbolExists.cxx.o] Error 1
make[1]: Leaving directory `/home/haptix-e15-463/haptix/haptix_controller/handsim/build/CMakeFiles/CMakeTmp'
make: *** [cmTryCompileExec2632856542/fast] Error 2

File /home/haptix-e15-463/haptix/haptix_controller/handsim/build/CMakeFiles/CMakeTmp/CheckSymbolExists.cxx:
/* */
#include <QtCore/qglobal.h>

int main(int argc, char** argv)
{
  (void)argv;
#ifndef Q_WS_QWS
  return ((int*)(&Q_WS_QWS))[argc];
#else
  (void)argc;
  return 0;
#endif
}

Determining if the Q_WS_MAC exist failed with the following output:
Change Dir: /home/haptix-e15-463/haptix/haptix_controller/handsim/build/CMakeFiles/CMakeTmp

Run Build Command:/usr/bin/make "cmTryCompileExec1909982773/fast"
/usr/bin/make -f CMakeFiles/cmTryCompileExec1909982773.dir/build.make CMakeFiles/cmTryCompileExec1909982773.dir/build
make[1]: Entering directory `/home/haptix-e15-463/haptix/haptix_controller/handsim/build/CMakeFiles/CMakeTmp'
/usr/bin/cmake -E cmake_progress_report /home/haptix-e15-463/haptix/haptix_controller/handsim/build/CMakeFiles/CMakeTmp/CMakeFiles 1
Building CXX object CMakeFiles/cmTryCompileExec1909982773.dir/CheckSymbolExists.cxx.o
/usr/bin/c++    -I/usr/include/qt4    -o CMakeFiles/cmTryCompileExec1909982773.dir/CheckSymbolExists.cxx.o -c /home/haptix-e15-463/haptix/haptix_controller/handsim/build/CMakeFiles/CMakeTmp/CheckSymbolExists.cxx
/home/haptix-e15-463/haptix/haptix_controller/handsim/build/CMakeFiles/CMakeTmp/CheckSymbolExists.cxx: In function ‘int main(int, char**)’:
/home/haptix-e15-463/haptix/haptix_controller/handsim/build/CMakeFiles/CMakeTmp/CheckSymbolExists.cxx:8:19: error: ‘Q_WS_MAC’ was not declared in this scope
   return ((int*)(&Q_WS_MAC))[argc];
                   ^
make[1]: *** [CMakeFiles/cmTryCompileExec1909982773.dir/CheckSymbolExists.cxx.o] Error 1
make[1]: Leaving directory `/home/haptix-e15-463/haptix/haptix_controller/handsim/build/CMakeFiles/CMakeTmp'
make: *** [cmTryCompileExec1909982773/fast] Error 2

File /home/haptix-e15-463/haptix/haptix_controller/handsim/build/CMakeFiles/CMakeTmp/CheckSymbolExists.cxx:
/* */
#include <QtCore/qglobal.h>

int main(int argc, char** argv)
{
  (void)argv;
#ifndef Q_WS_MAC
  return ((int*)(&Q_WS_MAC))[argc];
#else
  (void)argc;
  return 0;
#endif
}

